File name	Line	Function	Duration[ms]	Explored nodes
D:\UNIVERSIDAD\CICLO 6\Construccion de software\presentacionFinal\ProyectoFinal\Loggin\FormCalificarTrabajo.Designer.cs	28	_Loggin.FormCalificarTrabajo.InitializeComponent$$	0	3
D:\UNIVERSIDAD\CICLO 6\Construccion de software\presentacionFinal\ProyectoFinal\Loggin\FormCalificarTrabajo.cs	15	_Loggin.FormCalificarTrabajo.LlenarTabla$$	0	3
D:\UNIVERSIDAD\CICLO 6\Construccion de software\presentacionFinal\ProyectoFinal\Loggin\FormCalificarTrabajo.cs	32	_Loggin.FormCalificarTrabajo.btnBuscar_Click$object.System.EventArgs$	0	2
D:\UNIVERSIDAD\CICLO 6\Construccion de software\presentacionFinal\ProyectoFinal\Loggin\FormCalificarTrabajo.cs	40	_Loggin.FormCalificarTrabajo.btnSalir_Click$object.System.EventArgs$	0	3
D:\UNIVERSIDAD\CICLO 6\Construccion de software\presentacionFinal\ProyectoFinal\Loggin\FormCalificarTrabajo.cs	50	_Loggin.FormCalificarTrabajo.btnCalificar_Click$object.System.EventArgs$	0	3
D:\UNIVERSIDAD\CICLO 6\Construccion de software\presentacionFinal\ProyectoFinal\Loggin\FormCalificarTrabajo.cs	66	_Loggin.FormCalificarTrabajo.radioBtn1_CheckedChanged$object.System.EventArgs$	0	3
D:\UNIVERSIDAD\CICLO 6\Construccion de software\presentacionFinal\ProyectoFinal\Loggin\FormCalificarTrabajo.cs	74	_Loggin.FormCalificarTrabajo.radioBtn2_CheckedChanged$object.System.EventArgs$	0	3
D:\UNIVERSIDAD\CICLO 6\Construccion de software\presentacionFinal\ProyectoFinal\Loggin\FormCalificarTrabajo.cs	82	_Loggin.FormCalificarTrabajo.radioBtn3_CheckedChanged$object.System.EventArgs$	0	3
D:\UNIVERSIDAD\CICLO 6\Construccion de software\presentacionFinal\ProyectoFinal\Loggin\FormCalificarTrabajo.cs	90	_Loggin.FormCalificarTrabajo.radioBtn4_CheckedChanged$object.System.EventArgs$	0	3
D:\UNIVERSIDAD\CICLO 6\Construccion de software\presentacionFinal\ProyectoFinal\Loggin\FormCalificarTrabajo.cs	98	_Loggin.FormCalificarTrabajo.radioBtn5_CheckedChanged$object.System.EventArgs$	0	3
D:\UNIVERSIDAD\CICLO 6\Construccion de software\presentacionFinal\ProyectoFinal\Loggin\FormCalificarTrabajo.cs	103	_Loggin.FormCalificarTrabajo.dataGridView1_CellContentClick$object.System.Windows.Forms.DataGridViewCellEventArgs$	0	2
D:\UNIVERSIDAD\CICLO 6\Construccion de software\presentacionFinal\ProyectoFinal\Loggin\FormCalificarTrabajo.cs	108	_Loggin.FormCalificarTrabajo.FormCalificarTrabajo_Load$object.System.EventArgs$	0	2
D:\UNIVERSIDAD\CICLO 6\Construccion de software\presentacionFinal\ProyectoFinal\Loggin\FormEnviarCorreo.Designer.cs	28	_EnviarCorreo.FormEnviarCorreo.InitializeComponent$$	0	3
D:\UNIVERSIDAD\CICLO 6\Construccion de software\presentacionFinal\ProyectoFinal\Loggin\FormEnviarCorreo.cs	21	_EnviarCorreo.FormEnviarCorreo.BtnEnviar_Click$object.System.EventArgs$	0	3
D:\UNIVERSIDAD\CICLO 6\Construccion de software\presentacionFinal\ProyectoFinal\Loggin\FormEnviarCorreo.cs	54	_EnviarCorreo.FormEnviarCorreo.txtEmisor_TextChanged$object.System.EventArgs$	0	2
D:\UNIVERSIDAD\CICLO 6\Construccion de software\presentacionFinal\ProyectoFinal\Loggin\FormEnviarCorreo.cs	59	_EnviarCorreo.FormEnviarCorreo.label1_Click$object.System.EventArgs$	0	2
D:\UNIVERSIDAD\CICLO 6\Construccion de software\presentacionFinal\ProyectoFinal\Loggin\FormEnviarCorreo.cs	64	_EnviarCorreo.FormEnviarCorreo.Form1_Load$object.System.EventArgs$	0	2
D:\UNIVERSIDAD\CICLO 6\Construccion de software\presentacionFinal\ProyectoFinal\Loggin\FormEnviarCorreo.cs	72	_EnviarCorreo.FormEnviarCorreo.btnCancelar_Click$object.System.EventArgs$	0	3
D:\UNIVERSIDAD\CICLO 6\Construccion de software\presentacionFinal\ProyectoFinal\Loggin\FormEnviarCorreo.cs	79	_EnviarCorreo.FormEnviarCorreo.rtbMensaje_TextChanged$object.System.EventArgs$	0	2
D:\UNIVERSIDAD\CICLO 6\Construccion de software\presentacionFinal\ProyectoFinal\Loggin\FormLogin.Designer.cs	28	_Loggin.FormLogin.InitializeComponent$$	0	3
D:\UNIVERSIDAD\CICLO 6\Construccion de software\presentacionFinal\ProyectoFinal\Loggin\FormLogin.cs	23	_Loggin.FormLogin.btnIngresar_Click$object.System.EventArgs$	0	6
D:\UNIVERSIDAD\CICLO 6\Construccion de software\presentacionFinal\ProyectoFinal\Loggin\FormLogin.cs	96	_Loggin.FormLogin.btnSalir_Click$object.System.EventArgs$	0	3
D:\UNIVERSIDAD\CICLO 6\Construccion de software\presentacionFinal\ProyectoFinal\Loggin\FormLogin.cs	101	_Loggin.FormLogin.label3_Click$object.System.EventArgs$	0	2
D:\UNIVERSIDAD\CICLO 6\Construccion de software\presentacionFinal\ProyectoFinal\Loggin\FormLogin.cs	106	_Loggin.FormLogin.txtaver_TextChanged$object.System.EventArgs$	0	2
D:\UNIVERSIDAD\CICLO 6\Construccion de software\presentacionFinal\ProyectoFinal\Loggin\FormLogin.cs	114	_Loggin.FormLogin.linkLblCrearCuenta_LinkClicked$object.System.Windows.Forms.LinkLabelLinkClickedEventArgs$	0	3
D:\UNIVERSIDAD\CICLO 6\Construccion de software\presentacionFinal\ProyectoFinal\Loggin\FormLogin.cs	121	_Loggin.FormLogin.txtUsuario_TextChanged$object.System.EventArgs$	0	2
D:\UNIVERSIDAD\CICLO 6\Construccion de software\presentacionFinal\ProyectoFinal\Loggin\FormLogin.cs	126	_Loggin.FormLogin.FormLogin_Load$object.System.EventArgs$	0	2
D:\UNIVERSIDAD\CICLO 6\Construccion de software\presentacionFinal\ProyectoFinal\Loggin\FormModTrabajo.Designer.cs	28	_ModificarPublicacion.FormModTrabajo.InitializeComponent$$	0	3
D:\UNIVERSIDAD\CICLO 6\Construccion de software\presentacionFinal\ProyectoFinal\Loggin\FormModTrabajo.cs	18	_ModificarPublicacion.FormModTrabajo.Form1_Load$object.System.EventArgs$	0	2
D:\UNIVERSIDAD\CICLO 6\Construccion de software\presentacionFinal\ProyectoFinal\Loggin\FormModTrabajo.cs	26	_ModificarPublicacion.FormModTrabajo.btnGuardar_Click$object.System.EventArgs$	0	3
D:\UNIVERSIDAD\CICLO 6\Construccion de software\presentacionFinal\ProyectoFinal\Loggin\FormModTrabajo.cs	63	_ModificarPublicacion.FormModTrabajo.label1_Click$object.System.EventArgs$	0	2
D:\UNIVERSIDAD\CICLO 6\Construccion de software\presentacionFinal\ProyectoFinal\Loggin\FormModTrabajo.cs	68	_ModificarPublicacion.FormModTrabajo.textBox6_TextChanged$object.System.EventArgs$	0	2
D:\UNIVERSIDAD\CICLO 6\Construccion de software\presentacionFinal\ProyectoFinal\Loggin\FormModTrabajo.cs	76	_ModificarPublicacion.FormModTrabajo.btnCancelar_Click$object.System.EventArgs$	0	3
D:\UNIVERSIDAD\CICLO 6\Construccion de software\presentacionFinal\ProyectoFinal\Loggin\FormPublicarTrabajo.Designer.cs	28	_PublicarTrabajo.FormPublicarTrabajo.InitializeComponent$$	0	3
D:\UNIVERSIDAD\CICLO 6\Construccion de software\presentacionFinal\ProyectoFinal\Loggin\FormPublicarTrabajo.cs	23	_PublicarTrabajo.FormPublicarTrabajo.listBox1_SelectedIndexChanged$object.System.EventArgs$	0	2
D:\UNIVERSIDAD\CICLO 6\Construccion de software\presentacionFinal\ProyectoFinal\Loggin\FormPublicarTrabajo.cs	28	_PublicarTrabajo.FormPublicarTrabajo.label1_Click$object.System.EventArgs$	0	2
D:\UNIVERSIDAD\CICLO 6\Construccion de software\presentacionFinal\ProyectoFinal\Loggin\FormPublicarTrabajo.cs	36	_PublicarTrabajo.FormPublicarTrabajo.btnPubliTrabajo_Click$object.System.EventArgs$	0	7
D:\UNIVERSIDAD\CICLO 6\Construccion de software\presentacionFinal\ProyectoFinal\Loggin\FormPublicarTrabajo.cs	58	_PublicarTrabajo.FormPublicarTrabajo.Form1_Load$object.System.EventArgs$	0	2
D:\UNIVERSIDAD\CICLO 6\Construccion de software\presentacionFinal\ProyectoFinal\Loggin\FormPublicarTrabajo.cs	64	_PublicarTrabajo.FormPublicarTrabajo.label7_Click$object.System.EventArgs$	0	2
D:\UNIVERSIDAD\CICLO 6\Construccion de software\presentacionFinal\ProyectoFinal\Loggin\FormPublicarTrabajo.cs	69	_PublicarTrabajo.FormPublicarTrabajo.txtCorreo_TextChanged$object.System.EventArgs$	0	2
D:\UNIVERSIDAD\CICLO 6\Construccion de software\presentacionFinal\ProyectoFinal\Loggin\FormPublicarTrabajo.cs	74	_PublicarTrabajo.FormPublicarTrabajo.label1_Click_1$object.System.EventArgs$	0	2
D:\UNIVERSIDAD\CICLO 6\Construccion de software\presentacionFinal\ProyectoFinal\Loggin\FormPublicarTrabajo.cs	79	_PublicarTrabajo.FormPublicarTrabajo.txtOficio_TextChanged$object.System.EventArgs$	0	2
D:\UNIVERSIDAD\CICLO 6\Construccion de software\presentacionFinal\ProyectoFinal\Loggin\FormPublicarTrabajo.cs	87	_PublicarTrabajo.FormPublicarTrabajo.btnCancelar_Click$object.System.EventArgs$	0	3
D:\UNIVERSIDAD\CICLO 6\Construccion de software\presentacionFinal\ProyectoFinal\Loggin\FormRegistrarUsuario.Designer.cs	28	_RegistrarUsuario.FormRegistrarUsuario.InitializeComponent$$	0	3
D:\UNIVERSIDAD\CICLO 6\Construccion de software\presentacionFinal\ProyectoFinal\Loggin\FormRegistrarUsuario.cs	21	_RegistrarUsuario.FormRegistrarUsuario.btnRegistrar_Click$object.System.EventArgs$	0	7
D:\UNIVERSIDAD\CICLO 6\Construccion de software\presentacionFinal\ProyectoFinal\Loggin\FormRegistrarUsuario.cs	73	_RegistrarUsuario.FormRegistrarUsuario.dataGridView1_CellContentClick$object.System.Windows.Forms.DataGridViewCellEventArgs$	0	2
D:\UNIVERSIDAD\CICLO 6\Construccion de software\presentacionFinal\ProyectoFinal\Loggin\FormRegistrarUsuario.cs	78	_RegistrarUsuario.FormRegistrarUsuario.Form1_Load$object.System.EventArgs$	0	2
D:\UNIVERSIDAD\CICLO 6\Construccion de software\presentacionFinal\ProyectoFinal\Loggin\FormRegistrarUsuario.cs	83	_RegistrarUsuario.FormRegistrarUsuario.label3_Click$object.System.EventArgs$	0	2
D:\UNIVERSIDAD\CICLO 6\Construccion de software\presentacionFinal\ProyectoFinal\Loggin\FormRegistrarUsuario.cs	91	_RegistrarUsuario.FormRegistrarUsuario.BtnCancelar_Click$object.System.EventArgs$	0	3
D:\UNIVERSIDAD\CICLO 6\Construccion de software\presentacionFinal\ProyectoFinal\Loggin\frmMain.Designer.cs	28	_Loggin.Notificacion.InitializeComponent$$	0	3
D:\UNIVERSIDAD\CICLO 6\Construccion de software\presentacionFinal\ProyectoFinal\Loggin\frmMain.cs	28	_Loggin.Notificacion.Notificacion_Load$object.System.EventArgs$	0	2
D:\UNIVERSIDAD\CICLO 6\Construccion de software\presentacionFinal\ProyectoFinal\Loggin\frmMain.cs	34	_Loggin.Notificacion.textBox1_TextChanged$object.System.EventArgs$	0	2
D:\UNIVERSIDAD\CICLO 6\Construccion de software\presentacionFinal\ProyectoFinal\Loggin\frmMain.cs	43	_Loggin.Notificacion.btnPublicarTrabajo_Click$object.System.EventArgs$	0	3
D:\UNIVERSIDAD\CICLO 6\Construccion de software\presentacionFinal\ProyectoFinal\Loggin\frmMain.cs	53	_Loggin.Notificacion.BtnSalir_Click$object.System.EventArgs$	0	3
D:\UNIVERSIDAD\CICLO 6\Construccion de software\presentacionFinal\ProyectoFinal\Loggin\frmMain.cs	61	_Loggin.Notificacion.BtnCalifTrabajo_Click$object.System.EventArgs$	0	3
D:\UNIVERSIDAD\CICLO 6\Construccion de software\presentacionFinal\ProyectoFinal\Loggin\frmMain.cs	68	_Loggin.Notificacion.dataGridView1_CellContentClick$object.System.Windows.Forms.DataGridViewCellEventArgs$	0	2
D:\UNIVERSIDAD\CICLO 6\Construccion de software\presentacionFinal\ProyectoFinal\Loggin\frmMain.cs	76	_Loggin.Notificacion.btnContacUsuario_Click$object.System.EventArgs$	0	3
D:\UNIVERSIDAD\CICLO 6\Construccion de software\presentacionFinal\ProyectoFinal\Loggin\frmMain.cs	83	_Loggin.Notificacion.textBox2_TextChanged$object.System.EventArgs$	0	2
D:\UNIVERSIDAD\CICLO 6\Construccion de software\presentacionFinal\ProyectoFinal\Loggin\frmMain.cs	91	_Loggin.Notificacion.radioButton1_CheckedChanged$object.System.EventArgs$	0	3
D:\UNIVERSIDAD\CICLO 6\Construccion de software\presentacionFinal\ProyectoFinal\Loggin\frmMain.cs	110	_Loggin.Notificacion.radioButton2_CheckedChanged$object.System.EventArgs$	0	3
D:\UNIVERSIDAD\CICLO 6\Construccion de software\presentacionFinal\ProyectoFinal\Loggin\frmMain.cs	129	_Loggin.Notificacion.radioButton3_CheckedChanged$object.System.EventArgs$	0	3
D:\UNIVERSIDAD\CICLO 6\Construccion de software\presentacionFinal\ProyectoFinal\Loggin\frmMain.cs	148	_Loggin.Notificacion.numSalario_ValueChanged$object.System.EventArgs$	0	3
D:\UNIVERSIDAD\CICLO 6\Construccion de software\presentacionFinal\ProyectoFinal\Loggin\frmMain.cs	170	_Loggin.Notificacion.btnModTrabajo_Click$object.System.EventArgs$	0	3
D:\UNIVERSIDAD\CICLO 6\Construccion de software\presentacionFinal\ProyectoFinal\Loggin\Program.cs	10	_Loggin.Program.Main$$	0	3
