File name	Line	Function	Duration[ms]	Explored nodes
D:\UNIVERSIDAD\CICLO 6\Construccion de software\presentacionFinal\ProyectoFinal\Loggin\FormCalificarTrabajo.Designer.cs	28	_Loggin.FormCalificarTrabajo.InitializeComponent$$	0	3
D:\UNIVERSIDAD\CICLO 6\Construccion de software\presentacionFinal\ProyectoFinal\Loggin\FormCalificarTrabajo.cs	21	_Loggin.FormCalificarTrabajo.LlenarTabla$$	0	3
D:\UNIVERSIDAD\CICLO 6\Construccion de software\presentacionFinal\ProyectoFinal\Loggin\FormCalificarTrabajo.cs	38	_Loggin.FormCalificarTrabajo.btnBuscar_Click$object.System.EventArgs$	0	2
D:\UNIVERSIDAD\CICLO 6\Construccion de software\presentacionFinal\ProyectoFinal\Loggin\FormCalificarTrabajo.cs	46	_Loggin.FormCalificarTrabajo.btnSalir_Click$object.System.EventArgs$	0	3
D:\UNIVERSIDAD\CICLO 6\Construccion de software\presentacionFinal\ProyectoFinal\Loggin\FormCalificarTrabajo.cs	56	_Loggin.FormCalificarTrabajo.btnCalificar_Click$object.System.EventArgs$	0	3
D:\UNIVERSIDAD\CICLO 6\Construccion de software\presentacionFinal\ProyectoFinal\Loggin\FormCalificarTrabajo.cs	72	_Loggin.FormCalificarTrabajo.radioBtn1_CheckedChanged$object.System.EventArgs$	0	3
D:\UNIVERSIDAD\CICLO 6\Construccion de software\presentacionFinal\ProyectoFinal\Loggin\FormCalificarTrabajo.cs	80	_Loggin.FormCalificarTrabajo.radioBtn2_CheckedChanged$object.System.EventArgs$	0	3
D:\UNIVERSIDAD\CICLO 6\Construccion de software\presentacionFinal\ProyectoFinal\Loggin\FormCalificarTrabajo.cs	88	_Loggin.FormCalificarTrabajo.radioBtn3_CheckedChanged$object.System.EventArgs$	0	3
D:\UNIVERSIDAD\CICLO 6\Construccion de software\presentacionFinal\ProyectoFinal\Loggin\FormCalificarTrabajo.cs	96	_Loggin.FormCalificarTrabajo.radioBtn4_CheckedChanged$object.System.EventArgs$	0	3
D:\UNIVERSIDAD\CICLO 6\Construccion de software\presentacionFinal\ProyectoFinal\Loggin\FormCalificarTrabajo.cs	104	_Loggin.FormCalificarTrabajo.radioBtn5_CheckedChanged$object.System.EventArgs$	0	3
D:\UNIVERSIDAD\CICLO 6\Construccion de software\presentacionFinal\ProyectoFinal\Loggin\FormCalificarTrabajo.cs	109	_Loggin.FormCalificarTrabajo.dataGridView1_CellContentClick$object.System.Windows.Forms.DataGridViewCellEventArgs$	0	2
D:\UNIVERSIDAD\CICLO 6\Construccion de software\presentacionFinal\ProyectoFinal\Loggin\FormCalificarTrabajo.cs	114	_Loggin.FormCalificarTrabajo.FormCalificarTrabajo_Load$object.System.EventArgs$	0	2
D:\UNIVERSIDAD\CICLO 6\Construccion de software\presentacionFinal\ProyectoFinal\Loggin\FormEnviarCorreo.Designer.cs	28	_EnviarCorreo.FormEnviarCorreo.InitializeComponent$$	0	3
D:\UNIVERSIDAD\CICLO 6\Construccion de software\presentacionFinal\ProyectoFinal\Loggin\FormEnviarCorreo.cs	25	_EnviarCorreo.FormEnviarCorreo.BtnEnviar_Click$object.System.EventArgs$	0	3
D:\UNIVERSIDAD\CICLO 6\Construccion de software\presentacionFinal\ProyectoFinal\Loggin\FormEnviarCorreo.cs	58	_EnviarCorreo.FormEnviarCorreo.txtEmisor_TextChanged$object.System.EventArgs$	0	2
D:\UNIVERSIDAD\CICLO 6\Construccion de software\presentacionFinal\ProyectoFinal\Loggin\FormEnviarCorreo.cs	63	_EnviarCorreo.FormEnviarCorreo.label1_Click$object.System.EventArgs$	0	2
D:\UNIVERSIDAD\CICLO 6\Construccion de software\presentacionFinal\ProyectoFinal\Loggin\FormEnviarCorreo.cs	68	_EnviarCorreo.FormEnviarCorreo.Form1_Load$object.System.EventArgs$	0	2
D:\UNIVERSIDAD\CICLO 6\Construccion de software\presentacionFinal\ProyectoFinal\Loggin\FormEnviarCorreo.cs	76	_EnviarCorreo.FormEnviarCorreo.btnCancelar_Click$object.System.EventArgs$	0	3
D:\UNIVERSIDAD\CICLO 6\Construccion de software\presentacionFinal\ProyectoFinal\Loggin\FormEnviarCorreo.cs	83	_EnviarCorreo.FormEnviarCorreo.rtbMensaje_TextChanged$object.System.EventArgs$	0	2
D:\UNIVERSIDAD\CICLO 6\Construccion de software\presentacionFinal\ProyectoFinal\Loggin\FormLogin.Designer.cs	28	_Loggin.FormLogin.InitializeComponent$$	0	3
D:\UNIVERSIDAD\CICLO 6\Construccion de software\presentacionFinal\ProyectoFinal\Loggin\FormLogin.cs	31	_Loggin.FormLogin.btnIngresar_Click$object.System.EventArgs$	0	6
D:\UNIVERSIDAD\CICLO 6\Construccion de software\presentacionFinal\ProyectoFinal\Loggin\FormLogin.cs	104	_Loggin.FormLogin.btnSalir_Click$object.System.EventArgs$	0	3
D:\UNIVERSIDAD\CICLO 6\Construccion de software\presentacionFinal\ProyectoFinal\Loggin\FormLogin.cs	109	_Loggin.FormLogin.label3_Click$object.System.EventArgs$	0	2
D:\UNIVERSIDAD\CICLO 6\Construccion de software\presentacionFinal\ProyectoFinal\Loggin\FormLogin.cs	114	_Loggin.FormLogin.txtaver_TextChanged$object.System.EventArgs$	0	2
D:\UNIVERSIDAD\CICLO 6\Construccion de software\presentacionFinal\ProyectoFinal\Loggin\FormLogin.cs	122	_Loggin.FormLogin.linkLblCrearCuenta_LinkClicked$object.System.Windows.Forms.LinkLabelLinkClickedEventArgs$	0	3
D:\UNIVERSIDAD\CICLO 6\Construccion de software\presentacionFinal\ProyectoFinal\Loggin\FormLogin.cs	129	_Loggin.FormLogin.txtUsuario_TextChanged$object.System.EventArgs$	0	2
D:\UNIVERSIDAD\CICLO 6\Construccion de software\presentacionFinal\ProyectoFinal\Loggin\FormLogin.cs	134	_Loggin.FormLogin.FormLogin_Load$object.System.EventArgs$	0	2
D:\UNIVERSIDAD\CICLO 6\Construccion de software\presentacionFinal\ProyectoFinal\Loggin\FormModTrabajo.Designer.cs	28	_ModificarPublicacion.FormModTrabajo.InitializeComponent$$	0	3
D:\UNIVERSIDAD\CICLO 6\Construccion de software\presentacionFinal\ProyectoFinal\Loggin\FormModTrabajo.cs	24	_ModificarPublicacion.FormModTrabajo.Form1_Load$object.System.EventArgs$	0	2
D:\UNIVERSIDAD\CICLO 6\Construccion de software\presentacionFinal\ProyectoFinal\Loggin\FormModTrabajo.cs	32	_ModificarPublicacion.FormModTrabajo.btnGuardar_Click$object.System.EventArgs$	0	3
D:\UNIVERSIDAD\CICLO 6\Construccion de software\presentacionFinal\ProyectoFinal\Loggin\FormModTrabajo.cs	69	_ModificarPublicacion.FormModTrabajo.label1_Click$object.System.EventArgs$	0	2
D:\UNIVERSIDAD\CICLO 6\Construccion de software\presentacionFinal\ProyectoFinal\Loggin\FormModTrabajo.cs	74	_ModificarPublicacion.FormModTrabajo.textBox6_TextChanged$object.System.EventArgs$	0	2
D:\UNIVERSIDAD\CICLO 6\Construccion de software\presentacionFinal\ProyectoFinal\Loggin\FormModTrabajo.cs	82	_ModificarPublicacion.FormModTrabajo.btnCancelar_Click$object.System.EventArgs$	0	3
D:\UNIVERSIDAD\CICLO 6\Construccion de software\presentacionFinal\ProyectoFinal\Loggin\FormPublicarTrabajo.Designer.cs	28	_PublicarTrabajo.FormPublicarTrabajo.InitializeComponent$$	0	3
D:\UNIVERSIDAD\CICLO 6\Construccion de software\presentacionFinal\ProyectoFinal\Loggin\FormPublicarTrabajo.cs	25	_PublicarTrabajo.FormPublicarTrabajo.listBox1_SelectedIndexChanged$object.System.EventArgs$	0	2
D:\UNIVERSIDAD\CICLO 6\Construccion de software\presentacionFinal\ProyectoFinal\Loggin\FormPublicarTrabajo.cs	30	_PublicarTrabajo.FormPublicarTrabajo.label1_Click$object.System.EventArgs$	0	2
D:\UNIVERSIDAD\CICLO 6\Construccion de software\presentacionFinal\ProyectoFinal\Loggin\FormPublicarTrabajo.cs	38	_PublicarTrabajo.FormPublicarTrabajo.btnPubliTrabajo_Click$object.System.EventArgs$	0	7
D:\UNIVERSIDAD\CICLO 6\Construccion de software\presentacionFinal\ProyectoFinal\Loggin\FormPublicarTrabajo.cs	60	_PublicarTrabajo.FormPublicarTrabajo.Form1_Load$object.System.EventArgs$	0	2
D:\UNIVERSIDAD\CICLO 6\Construccion de software\presentacionFinal\ProyectoFinal\Loggin\FormPublicarTrabajo.cs	66	_PublicarTrabajo.FormPublicarTrabajo.label7_Click$object.System.EventArgs$	0	2
D:\UNIVERSIDAD\CICLO 6\Construccion de software\presentacionFinal\ProyectoFinal\Loggin\FormPublicarTrabajo.cs	71	_PublicarTrabajo.FormPublicarTrabajo.txtCorreo_TextChanged$object.System.EventArgs$	0	2
D:\UNIVERSIDAD\CICLO 6\Construccion de software\presentacionFinal\ProyectoFinal\Loggin\FormPublicarTrabajo.cs	76	_PublicarTrabajo.FormPublicarTrabajo.label1_Click_1$object.System.EventArgs$	0	2
D:\UNIVERSIDAD\CICLO 6\Construccion de software\presentacionFinal\ProyectoFinal\Loggin\FormPublicarTrabajo.cs	81	_PublicarTrabajo.FormPublicarTrabajo.txtOficio_TextChanged$object.System.EventArgs$	0	2
D:\UNIVERSIDAD\CICLO 6\Construccion de software\presentacionFinal\ProyectoFinal\Loggin\FormPublicarTrabajo.cs	89	_PublicarTrabajo.FormPublicarTrabajo.btnCancelar_Click$object.System.EventArgs$	0	3
D:\UNIVERSIDAD\CICLO 6\Construccion de software\presentacionFinal\ProyectoFinal\Loggin\FormRegistrarUsuario.Designer.cs	28	_RegistrarUsuario.FormRegistrarUsuario.InitializeComponent$$	0	3
D:\UNIVERSIDAD\CICLO 6\Construccion de software\presentacionFinal\ProyectoFinal\Loggin\FormRegistrarUsuario.cs	27	_RegistrarUsuario.FormRegistrarUsuario.btnRegistrar_Click$object.System.EventArgs$	0	7
D:\UNIVERSIDAD\CICLO 6\Construccion de software\presentacionFinal\ProyectoFinal\Loggin\FormRegistrarUsuario.cs	79	_RegistrarUsuario.FormRegistrarUsuario.dataGridView1_CellContentClick$object.System.Windows.Forms.DataGridViewCellEventArgs$	0	2
D:\UNIVERSIDAD\CICLO 6\Construccion de software\presentacionFinal\ProyectoFinal\Loggin\FormRegistrarUsuario.cs	84	_RegistrarUsuario.FormRegistrarUsuario.Form1_Load$object.System.EventArgs$	0	2
D:\UNIVERSIDAD\CICLO 6\Construccion de software\presentacionFinal\ProyectoFinal\Loggin\FormRegistrarUsuario.cs	89	_RegistrarUsuario.FormRegistrarUsuario.label3_Click$object.System.EventArgs$	0	2
D:\UNIVERSIDAD\CICLO 6\Construccion de software\presentacionFinal\ProyectoFinal\Loggin\FormRegistrarUsuario.cs	97	_RegistrarUsuario.FormRegistrarUsuario.BtnCancelar_Click$object.System.EventArgs$	0	3
D:\UNIVERSIDAD\CICLO 6\Construccion de software\presentacionFinal\ProyectoFinal\Loggin\frmMain.Designer.cs	28	_Loggin.Notificacion.InitializeComponent$$	0	3
D:\UNIVERSIDAD\CICLO 6\Construccion de software\presentacionFinal\ProyectoFinal\Loggin\frmMain.cs	34	_Loggin.Notificacion.Notificacion_Load$object.System.EventArgs$	0	2
D:\UNIVERSIDAD\CICLO 6\Construccion de software\presentacionFinal\ProyectoFinal\Loggin\frmMain.cs	40	_Loggin.Notificacion.textBox1_TextChanged$object.System.EventArgs$	0	2
D:\UNIVERSIDAD\CICLO 6\Construccion de software\presentacionFinal\ProyectoFinal\Loggin\frmMain.cs	49	_Loggin.Notificacion.btnPublicarTrabajo_Click$object.System.EventArgs$	0	3
D:\UNIVERSIDAD\CICLO 6\Construccion de software\presentacionFinal\ProyectoFinal\Loggin\frmMain.cs	59	_Loggin.Notificacion.BtnSalir_Click$object.System.EventArgs$	0	3
D:\UNIVERSIDAD\CICLO 6\Construccion de software\presentacionFinal\ProyectoFinal\Loggin\frmMain.cs	67	_Loggin.Notificacion.BtnCalifTrabajo_Click$object.System.EventArgs$	0	3
D:\UNIVERSIDAD\CICLO 6\Construccion de software\presentacionFinal\ProyectoFinal\Loggin\frmMain.cs	74	_Loggin.Notificacion.dataGridView1_CellContentClick$object.System.Windows.Forms.DataGridViewCellEventArgs$	0	2
D:\UNIVERSIDAD\CICLO 6\Construccion de software\presentacionFinal\ProyectoFinal\Loggin\frmMain.cs	82	_Loggin.Notificacion.btnContacUsuario_Click$object.System.EventArgs$	0	3
D:\UNIVERSIDAD\CICLO 6\Construccion de software\presentacionFinal\ProyectoFinal\Loggin\frmMain.cs	89	_Loggin.Notificacion.textBox2_TextChanged$object.System.EventArgs$	0	2
D:\UNIVERSIDAD\CICLO 6\Construccion de software\presentacionFinal\ProyectoFinal\Loggin\frmMain.cs	97	_Loggin.Notificacion.radioButton1_CheckedChanged$object.System.EventArgs$	0	3
D:\UNIVERSIDAD\CICLO 6\Construccion de software\presentacionFinal\ProyectoFinal\Loggin\frmMain.cs	116	_Loggin.Notificacion.radioButton2_CheckedChanged$object.System.EventArgs$	0	3
D:\UNIVERSIDAD\CICLO 6\Construccion de software\presentacionFinal\ProyectoFinal\Loggin\frmMain.cs	135	_Loggin.Notificacion.radioButton3_CheckedChanged$object.System.EventArgs$	0	3
D:\UNIVERSIDAD\CICLO 6\Construccion de software\presentacionFinal\ProyectoFinal\Loggin\frmMain.cs	154	_Loggin.Notificacion.numSalario_ValueChanged$object.System.EventArgs$	0	3
D:\UNIVERSIDAD\CICLO 6\Construccion de software\presentacionFinal\ProyectoFinal\Loggin\frmMain.cs	176	_Loggin.Notificacion.btnModTrabajo_Click$object.System.EventArgs$	0	3
D:\UNIVERSIDAD\CICLO 6\Construccion de software\presentacionFinal\ProyectoFinal\Loggin\Program.cs	14	_Loggin.Program.Main$$	0	3
