D:\UNIVERSIDAD\CICLO 6\Construccion de software\presentacionFinal\ProyectoFinal\Loggin\Correo.cs
enviarCorreo 6
enviarCorreo 0

D:\UNIVERSIDAD\CICLO 6\Construccion de software\presentacionFinal\ProyectoFinal\Loggin\FormCalificarTrabajo.cs
LlenarTabla 8
LlenarTabla 0
btnBuscar_Click 4
btnBuscar_Click 0
btnSalir_Click 6
btnSalir_Click 0
btnCalificar_Click 8
btnCalificar_Click 0
radioBtn1_CheckedChanged 4
radioBtn1_CheckedChanged 0
radioBtn2_CheckedChanged 4
radioBtn2_CheckedChanged 0
radioBtn3_CheckedChanged 4
radioBtn3_CheckedChanged 0
radioBtn4_CheckedChanged 4
radioBtn4_CheckedChanged 15
radioBtn5_CheckedChanged 8
radioBtn5_CheckedChanged 0
dataGridView1_CellContentClick 3
dataGridView1_CellContentClick 0
FormCalificarTrabajo_Load 3
FormCalificarTrabajo_Load 0
txtIdTrabajo_TextChanged 4
txtIdTrabajo_TextChanged 0

D:\UNIVERSIDAD\CICLO 6\Construccion de software\presentacionFinal\ProyectoFinal\Loggin\FormCalificarTrabajo.Designer.cs
Dispose 6
Dispose 0
InitializeComponent 90
InitializeComponent 93

D:\UNIVERSIDAD\CICLO 6\Construccion de software\presentacionFinal\ProyectoFinal\Loggin\FormEnviarCorreo.cs
BtnEnviar_Click 4
BtnEnviar_Click 0
btnAdjuntar_Click 3
btnAdjuntar_Click 0
txtEmisor_TextChanged 4
txtEmisor_TextChanged 0
label1_Click 3
label1_Click 0
Form1_Load 3
Form1_Load 0
btnCancelar_Click 4
btnCancelar_Click 0
rtbMensaje_TextChanged 3
rtbMensaje_TextChanged 0

D:\UNIVERSIDAD\CICLO 6\Construccion de software\presentacionFinal\ProyectoFinal\Loggin\FormEnviarCorreo.Designer.cs
Dispose 3
Dispose 0
InitializeComponent 138
InitializeComponent 140

D:\UNIVERSIDAD\CICLO 6\Construccion de software\presentacionFinal\ProyectoFinal\Loggin\FormLogin.cs
btnIngresar_Click 8
btnIngresar_Click 15
btnSalir_Click 2
btnSalir_Click 0
label3_Click 3
label3_Click 0
txtaver_TextChanged 3
txtaver_TextChanged 0
linkLblCrearCuenta_LinkClicked 4
linkLblCrearCuenta_LinkClicked 15
txtUsuario_TextChanged 3
txtUsuario_TextChanged 0
FormLogin_Load 3
FormLogin_Load 0

D:\UNIVERSIDAD\CICLO 6\Construccion de software\presentacionFinal\ProyectoFinal\Loggin\FormLogin.Designer.cs
Dispose 3
Dispose 0
InitializeComponent 42
InitializeComponent 46

D:\UNIVERSIDAD\CICLO 6\Construccion de software\presentacionFinal\ProyectoFinal\Loggin\FormModTrabajo.cs
Form1_Load 3
Form1_Load 0
btnGuardar_Click 15
btnGuardar_Click 15
label1_Click 4
label1_Click 0
textBox6_TextChanged 2
textBox6_TextChanged 0
btnCancelar_Click 3
btnCancelar_Click 0

D:\UNIVERSIDAD\CICLO 6\Construccion de software\presentacionFinal\ProyectoFinal\Loggin\FormModTrabajo.Designer.cs
Dispose 2
Dispose 15
InitializeComponent 81
InitializeComponent 78

D:\UNIVERSIDAD\CICLO 6\Construccion de software\presentacionFinal\ProyectoFinal\Loggin\FormPublicarTrabajo.cs
listBox1_SelectedIndexChanged 2
listBox1_SelectedIndexChanged 0
label1_Click 3
label1_Click 0
btnPubliTrabajo_Click 11
btnPubliTrabajo_Click 15
Form1_Load 2
Form1_Load 0
label7_Click 2
label7_Click 0
txtCorreo_TextChanged 2
txtCorreo_TextChanged 0
label1_Click_1 3
label1_Click_1 0
txtOficio_TextChanged 3
txtOficio_TextChanged 0
btnCancelar_Click 4
btnCancelar_Click 0

D:\UNIVERSIDAD\CICLO 6\Construccion de software\presentacionFinal\ProyectoFinal\Loggin\FormPublicarTrabajo.Designer.cs
Dispose 2
Dispose 0
InitializeComponent 125
InitializeComponent 93

D:\UNIVERSIDAD\CICLO 6\Construccion de software\presentacionFinal\ProyectoFinal\Loggin\FormRegistrarUsuario.cs
btnRegistrar_Click 18
btnRegistrar_Click 15
dataGridView1_CellContentClick 2
dataGridView1_CellContentClick 0
Form1_Load 11
Form1_Load 0
label3_Click 3
label3_Click 0
BtnCancelar_Click 4
BtnCancelar_Click 0

D:\UNIVERSIDAD\CICLO 6\Construccion de software\presentacionFinal\ProyectoFinal\Loggin\FormRegistrarUsuario.Designer.cs
Dispose 2
Dispose 0
InitializeComponent 105
InitializeComponent 62

D:\UNIVERSIDAD\CICLO 6\Construccion de software\presentacionFinal\ProyectoFinal\Loggin\frmMain.cs
Notificacion_Load 3
Notificacion_Load 0
textBox1_TextChanged 2
textBox1_TextChanged 0
btnPublicarTrabajo_Click 3
btnPublicarTrabajo_Click 0
BtnSalir_Click 3
BtnSalir_Click 0
BtnCalifTrabajo_Click 4
BtnCalifTrabajo_Click 15
dataGridView1_CellContentClick 2
dataGridView1_CellContentClick 0
btnContacUsuario_Click 3
btnContacUsuario_Click 0
textBox2_TextChanged 3
textBox2_TextChanged 0
radioButton1_CheckedChanged 6
radioButton1_CheckedChanged 15
radioButton2_CheckedChanged 6
radioButton2_CheckedChanged 0
radioButton3_CheckedChanged 5
radioButton3_CheckedChanged 0
numSalario_ValueChanged 6
numSalario_ValueChanged 0
btnModTrabajo_Click 5
btnModTrabajo_Click 0

D:\UNIVERSIDAD\CICLO 6\Construccion de software\presentacionFinal\ProyectoFinal\Loggin\frmMain.Designer.cs
Dispose 3
Dispose 0
InitializeComponent 121
InitializeComponent 109

D:\UNIVERSIDAD\CICLO 6\Construccion de software\presentacionFinal\ProyectoFinal\Loggin\Program.cs
Main 3
Main 0

D:\UNIVERSIDAD\CICLO 6\Construccion de software\presentacionFinal\ProyectoFinal\Loggin\Properties\AssemblyInfo.cs

D:\UNIVERSIDAD\CICLO 6\Construccion de software\presentacionFinal\ProyectoFinal\Loggin\Properties\Resources.Designer.cs

D:\UNIVERSIDAD\CICLO 6\Construccion de software\presentacionFinal\ProyectoFinal\Loggin\Properties\Settings.Designer.cs

C:\Users\ASUS\AppData\Local\Temp\.NETFramework,Version=v4.7.2.AssemblyAttributes.cs

